<?xml version="1.0" encoding="UTF-8"?>
<testsuite xmlns:xsi="http://www.w3.org/2001/XMLSchema-instance" xsi:noNamespaceSchemaLocation="https://maven.apache.org/surefire/maven-surefire-plugin/xsd/surefire-test-report-3.0.xsd" version="3.0" name="TestSuite" time="9.71" tests="19" errors="0" skipped="0" failures="0">
  <properties>
[...]
</properties>
  <testcase name="testServiceHealthCheck" classname="com.digitalmoney.tests.InfrastructureSmokeTests" time="0.158">
    <system-out><![CDATA[Trying login with email: user@test.com - Status: 200
User ID extracted: 1
]]></system-out>
    <system-err><![CDATA[SLF4J: Failed to load class "org.slf4j.impl.StaticLoggerBinder".
SLF4J: Defaulting to no-operation (NOP) logger implementation
SLF4J: See http://www.slf4j.org/codes.html#StaticLoggerBinder for further details.
]]></system-err>
  </testcase>
  <testcase name="testGatewayRoutingForCardEndpoints" classname="com.digitalmoney.tests.InfrastructureSmokeTests" time="0.012">
    <system-out><![CDATA[Trying login with email: user@test.com - Status: 200
User ID extracted: 1
]]></system-out>
  </testcase>
  <testcase name="testCORSHeaders" classname="com.digitalmoney.tests.InfrastructureSmokeTests" time="0.015">
    <system-out><![CDATA[Trying login with email: user@test.com - Status: 200
User ID extracted: 1
]]></system-out>
  </testcase>
  <testcase name="testEurekaServiceRegistration" classname="com.digitalmoney.tests.InfrastructureSmokeTests" time="0.017">
    <system-out><![CDATA[Trying login with email: user@test.com - Status: 200
User ID extracted: 1
]]></system-out>
  </testcase>
  <testcase name="testGatewayAuthenticationFilter" classname="com.digitalmoney.tests.InfrastructureSmokeTests" time="0.012">
    <system-out><![CDATA[Trying login with email: user@test.com - Status: 200
User ID extracted: 1
]]></system-out>
  </testcase>
  <testcase name="testValidUserLogin" classname="com.digitalmoney.tests.AuthenticationSmokeTests" time="0.271">
    <system-out><![CDATA[Trying login with email: user@test.com - Status: 200
User ID extracted: 1
]]></system-out>
  </testcase>
  <testcase name="testValidTokenValidation" classname="com.digitalmoney.tests.AuthenticationSmokeTests" time="0.338">
    <system-out><![CDATA[Trying login with email: user@test.com - Status: 200
User ID extracted: 1
Trying login with email: user@test.com - Status: 200
User ID extracted: 1
]]></system-out>
  </testcase>
  <testcase name="testValidUserRegistration" classname="com.digitalmoney.tests.AuthenticationSmokeTests" time="0.61">
    <system-out><![CDATA[Trying login with email: user@test.com - Status: 200
User ID extracted: 1
]]></system-out>
  </testcase>
  <testcase name="testInvalidTokenValidation" classname="com.digitalmoney.tests.AuthenticationSmokeTests" time="0.02">
    <system-out><![CDATA[Trying login with email: user@test.com - Status: 200
User ID extracted: 1
]]></system-out>
  </testcase>
  <testcase name="testUpdateUserProfileWithValidData" classname="com.digitalmoney.tests.UserManagementSmokeTests" time="0.668">
    <system-out><![CDATA[Trying login with email: user@test.com - Status: 200
User ID extracted: 1
=== Testing Update User Profile ===
Using userId: 1
Update payload: {
    "firstName": "Updated",
    "lastName": "User",
    "email": "updated@test.com",
    "dni": "87654321",
    "phone": "0987654321"
}

Creating authenticated request with token: eyJhbGciOi...
Update response status: 200
Update response body: {"id":1,"firstName":"Updated","lastName":"User","email":"updated@test.com","dni":"87654321","phone":"0987654321","cvu":"1828142364587587492222","alias":"new.test.alias"}
Update response headers: transfer-encoding=chunked
Vary=Origin
Vary=Access-Control-Request-Method
Vary=Access-Control-Request-Headers
Content-Type=application/json
Date=Sun, 06 Jul 2025 22:56:05 GMT
Creating authenticated request with token: eyJhbGciOi...
Trying login with email: user@test.com - Status: 401
Login failed with original email, trying with updated email...
Trying login with email: updated@test.com - Status: 200
User ID extracted: 1
Creating authenticated request with token: eyJhbGciOi...
]]></system-out>
  </testcase>
  <testcase name="testUpdateAccountAlias" classname="com.digitalmoney.tests.UserManagementSmokeTests" time="0.041">
    <system-out><![CDATA[Trying login with email: user@test.com - Status: 200
User ID extracted: 1
Creating authenticated request with token: eyJhbGciOi...
]]></system-out>
  </testcase>
  <testcase name="testUpdateUserWithInvalidId" classname="com.digitalmoney.tests.UserManagementSmokeTests" time="0.033">
    <system-out><![CDATA[Trying login with email: user@test.com - Status: 200
User ID extracted: 1
Creating authenticated request with token: eyJhbGciOi...
]]></system-out>
  </testcase>
  <testcase name="testUpdateAccountWithInvalidUserId" classname="com.digitalmoney.tests.UserManagementSmokeTests" time="0.035">
    <system-out><![CDATA[Trying login with email: user@test.com - Status: 200
User ID extracted: 1
Creating authenticated request with token: eyJhbGciOi...
]]></system-out>
  </testcase>
  <testcase name="testCreateCardWithValidData" classname="com.digitalmoney.tests.CardManagementSmokeTests" time="0.174">
    <system-out><![CDATA[Trying login with email: user@test.com - Status: 200
User ID extracted: 1
Creating authenticated request with token: eyJhbGciOi...
]]></system-out>
  </testcase>
  <testcase name="testGetCardsByAccountId" classname="com.digitalmoney.tests.CardManagementSmokeTests" time="0.084">
    <system-out><![CDATA[Trying login with email: user@test.com - Status: 200
User ID extracted: 1
Creating authenticated request with token: eyJhbGciOi...
]]></system-out>
  </testcase>
  <testcase name="testGetSpecificCard" classname="com.digitalmoney.tests.CardManagementSmokeTests" time="0.055">
    <system-out><![CDATA[Trying login with email: user@test.com - Status: 200
User ID extracted: 1
Creating authenticated request with token: eyJhbGciOi...
]]></system-out>
  </testcase>
  <testcase name="testDeleteCard" classname="com.digitalmoney.tests.CardManagementSmokeTests" time="0.234">
    <system-out><![CDATA[Trying login with email: user@test.com - Status: 200
User ID extracted: 1
Creating authenticated request with token: eyJhbGciOi...
Creating authenticated request with token: eyJhbGciOi...
]]></system-out>
  </testcase>
  <testcase name="testCreateCardWithInvalidAccountId" classname="com.digitalmoney.tests.CardManagementSmokeTests" time="0.033">
    <system-out><![CDATA[Trying login with email: user@test.com - Status: 200
User ID extracted: 1
Creating authenticated request with token: eyJhbGciOi...
]]></system-out>
  </testcase>
  <testcase name="testGetCardsWithInvalidAccountId" classname="com.digitalmoney.tests.CardManagementSmokeTests" time="0.029">
    <system-out><![CDATA[Trying login with email: user@test.com - Status: 200
User ID extracted: 1
Creating authenticated request with token: eyJhbGciOi...
]]></system-out>
  </testcase>
</testsuite>