<?xml version="1.0" encoding="UTF-8"?>
<!-- Generated by org.testng.reporters.JUnitXMLReporter -->
<testsuite ignored="0" hostname="Lucho" failures="0" tests="4" name="Authentication Smoke Tests" time="2.346" errors="0" timestamp="2025-07-06T19:56:05 ART">
  <testcase classname="com.digitalmoney.tests.AuthenticationSmokeTests" name="testValidUserLogin" time="0.272"/>
  <testcase classname="com.digitalmoney.tests.AuthenticationSmokeTests" name="testValidTokenValidation" time="0.34"/>
  <testcase classname="com.digitalmoney.tests.AuthenticationSmokeTests" name="testValidUserRegistration" time="0.609"/>
  <testcase classname="com.digitalmoney.tests.AuthenticationSmokeTests" name="testInvalidTokenValidation" time="0.02"/>
</testsuite> <!-- Authentication Smoke Tests -->
