<?xml version="1.0" encoding="UTF-8"?>
<!-- Generated by org.testng.reporters.JUnitXMLReporter -->
<testsuite ignored="0" hostname="Lucho" failures="0" tests="6" name="Card Management Smoke Tests" time="2.271" errors="0" timestamp="2025-07-06T19:56:09 ART">
  <testcase classname="com.digitalmoney.tests.CardManagementSmokeTests" name="testCreateCardWithValidData" time="0.174"/>
  <testcase classname="com.digitalmoney.tests.CardManagementSmokeTests" name="testGetCardsByAccountId" time="0.084"/>
  <testcase classname="com.digitalmoney.tests.CardManagementSmokeTests" name="testGetSpecificCard" time="0.056"/>
  <testcase classname="com.digitalmoney.tests.CardManagementSmokeTests" name="testDeleteCard" time="0.235"/>
  <testcase classname="com.digitalmoney.tests.CardManagementSmokeTests" name="testCreateCardWithInvalidAccountId" time="0.033"/>
  <testcase classname="com.digitalmoney.tests.CardManagementSmokeTests" name="testGetCardsWithInvalidAccountId" time="0.029"/>
</testsuite> <!-- Card Management Smoke Tests -->
