<?xml version="1.0" encoding="UTF-8"?>
<!-- Generated by org.testng.reporters.JUnitXMLReporter -->
<testsuite ignored="0" hostname="Lucho" failures="0" tests="5" name="Infrastructure Smoke Tests" time="2.839" errors="0" timestamp="2025-07-06T19:56:02 ART">
  <testcase classname="com.digitalmoney.tests.InfrastructureSmokeTests" name="testServiceHealthCheck" time="0.158"/>
  <testcase classname="com.digitalmoney.tests.InfrastructureSmokeTests" name="testGatewayRoutingForCardEndpoints" time="0.014"/>
  <testcase classname="com.digitalmoney.tests.InfrastructureSmokeTests" name="testCORSHeaders" time="0.015"/>
  <testcase classname="com.digitalmoney.tests.InfrastructureSmokeTests" name="testEurekaServiceRegistration" time="0.018"/>
  <testcase classname="com.digitalmoney.tests.InfrastructureSmokeTests" name="testGatewayAuthenticationFilter" time="0.014"/>
</testsuite> <!-- Infrastructure Smoke Tests -->
