<?xml version="1.0" encoding="UTF-8"?>
<!-- Generated by org.testng.reporters.JUnitXMLReporter -->
<testsuite ignored="0" hostname="Lucho" failures="0" tests="4" name="User Management Smoke Tests" time="1.883" errors="0" timestamp="2025-07-06T19:56:06 ART">
  <testcase classname="com.digitalmoney.tests.UserManagementSmokeTests" name="testUpdateUserProfileWithValidData" time="0.67"/>
  <testcase classname="com.digitalmoney.tests.UserManagementSmokeTests" name="testUpdateAccountAlias" time="0.043"/>
  <testcase classname="com.digitalmoney.tests.UserManagementSmokeTests" name="testUpdateUserWithInvalidId" time="0.034"/>
  <testcase classname="com.digitalmoney.tests.UserManagementSmokeTests" name="testUpdateAccountWithInvalidUserId" time="0.034"/>
</testsuite> <!-- User Management Smoke Tests -->
